2024-09-27 17:44:26,200 INFO o.s.b.StartupInfoLogger [restartedMain] Starting OtpCoreApplication using Java 21.0.1 with PID 7432 (/Users/quachanhdung/ngn_working/AllNewOtp/workspace/otp_core/target/classes started by quachanhdung in /Users/quachanhdung/ngn_working/AllNewOtp/workspace/otp_core)
2024-09-27 17:44:26,206 INFO o.s.b.SpringApplication [restartedMain] No active profile set, falling back to 1 default profile: "default"
2024-09-27 17:44:31,779 INFO n.o.o.s.QRCodeLoginService [restartedMain] QRCodeLoginService start ...
2024-09-27 17:44:31,781 INFO n.o.o.u.PropUtil [restartedMain] PropUtil start ...
2024-09-27 17:44:31,845 INFO n.o.o.s.EmailService [restartedMain] mail service start...
2024-09-27 17:44:32,554 INFO o.s.b.StartupInfoLogger [restartedMain] Started OtpCoreApplication in 7.205 seconds (process running for 8.149)
2024-09-27 17:44:39,124 INFO n.o.o.c.QRCodeLoginController [http-nio-8080-exec-2] requestWithKey
2024-09-27 17:44:39,125 INFO n.o.o.s.QRCodeLoginService [http-nio-8080-exec-2] insert
2024-09-27 17:44:39,126 INFO n.o.o.c.QRCodeLoginController [http-nio-8080-exec-2] waiting time: 20
2024-09-27 17:44:39,126 INFO n.o.o.s.QRCodeLoginService [http-nio-8080-exec-2] get
2024-09-27 17:44:39,126 INFO n.o.o.s.QRCodeLoginService [http-nio-8080-exec-2] 1
2024-09-27 17:44:39,127 INFO n.o.o.c.QRCodeLoginController [http-nio-8080-exec-2] 12345678 
2024-09-27 17:44:40,134 INFO n.o.o.s.QRCodeLoginService [http-nio-8080-exec-2] get
2024-09-27 17:44:40,137 INFO n.o.o.s.QRCodeLoginService [http-nio-8080-exec-2] 1
2024-09-27 17:44:40,138 INFO n.o.o.c.QRCodeLoginController [http-nio-8080-exec-2] 12345678 
2024-09-27 17:44:41,116 INFO n.o.o.c.QRCodeLoginController [http-nio-8080-exec-4] confirmKey
2024-09-27 17:44:41,117 INFO n.o.o.s.QRCodeLoginService [http-nio-8080-exec-4] get
2024-09-27 17:44:41,117 INFO n.o.o.s.QRCodeLoginService [http-nio-8080-exec-4] 1
2024-09-27 17:44:41,118 INFO n.o.o.s.QRCodeLoginService [http-nio-8080-exec-4] update
2024-09-27 17:44:41,118 INFO n.o.o.s.QRCodeLoginService [http-nio-8080-exec-4] update done
2024-09-27 17:44:41,142 INFO n.o.o.s.QRCodeLoginService [http-nio-8080-exec-2] get
2024-09-27 17:44:41,144 INFO n.o.o.s.QRCodeLoginService [http-nio-8080-exec-2] 1
2024-09-27 17:44:41,144 INFO n.o.o.c.QRCodeLoginController [http-nio-8080-exec-2] 12345678 dungqa
2024-09-27 17:44:45,111 INFO n.o.o.c.QRCodeLoginController [http-nio-8080-exec-5] requestWithKey
2024-09-27 17:44:45,113 INFO n.o.o.s.QRCodeLoginService [http-nio-8080-exec-5] insert
2024-09-27 17:44:45,116 INFO n.o.o.c.QRCodeLoginController [http-nio-8080-exec-5] waiting time: 20
2024-09-27 17:44:45,117 INFO n.o.o.s.QRCodeLoginService [http-nio-8080-exec-5] get
2024-09-27 17:44:45,118 INFO n.o.o.s.QRCodeLoginService [http-nio-8080-exec-5] 1
2024-09-27 17:44:45,118 INFO n.o.o.c.QRCodeLoginController [http-nio-8080-exec-5] 12345678 
2024-09-27 17:44:46,124 INFO n.o.o.s.QRCodeLoginService [http-nio-8080-exec-5] get
2024-09-27 17:44:46,129 INFO n.o.o.s.QRCodeLoginService [http-nio-8080-exec-5] 1
2024-09-27 17:44:46,129 INFO n.o.o.c.QRCodeLoginController [http-nio-8080-exec-5] 12345678 
2024-09-27 17:44:47,133 INFO n.o.o.s.QRCodeLoginService [http-nio-8080-exec-5] get
2024-09-27 17:44:47,134 INFO n.o.o.s.QRCodeLoginService [http-nio-8080-exec-5] 1
2024-09-27 17:44:47,134 INFO n.o.o.c.QRCodeLoginController [http-nio-8080-exec-5] 12345678 
2024-09-27 17:44:48,137 INFO n.o.o.s.QRCodeLoginService [http-nio-8080-exec-5] get
2024-09-27 17:44:48,138 INFO n.o.o.s.QRCodeLoginService [http-nio-8080-exec-5] 1
2024-09-27 17:44:48,139 INFO n.o.o.c.QRCodeLoginController [http-nio-8080-exec-5] 12345678 
2024-09-27 17:44:49,144 INFO n.o.o.s.QRCodeLoginService [http-nio-8080-exec-5] get
2024-09-27 17:44:49,145 INFO n.o.o.s.QRCodeLoginService [http-nio-8080-exec-5] 1
2024-09-27 17:44:49,145 INFO n.o.o.c.QRCodeLoginController [http-nio-8080-exec-5] 12345678 
2024-09-27 17:44:49,219 INFO n.o.o.c.QRCodeLoginController [http-nio-8080-exec-6] confirmKey
2024-09-27 17:44:49,221 INFO n.o.o.s.QRCodeLoginService [http-nio-8080-exec-6] get
2024-09-27 17:44:49,221 INFO n.o.o.s.QRCodeLoginService [http-nio-8080-exec-6] 1
2024-09-27 17:44:50,154 INFO n.o.o.s.QRCodeLoginService [http-nio-8080-exec-5] get
2024-09-27 17:44:50,155 INFO n.o.o.s.QRCodeLoginService [http-nio-8080-exec-5] 1
2024-09-27 17:44:50,156 INFO n.o.o.c.QRCodeLoginController [http-nio-8080-exec-5] 12345678 
2024-09-27 17:44:51,164 INFO n.o.o.s.QRCodeLoginService [http-nio-8080-exec-5] get
2024-09-27 17:44:51,168 INFO n.o.o.s.QRCodeLoginService [http-nio-8080-exec-5] 1
2024-09-27 17:44:51,170 INFO n.o.o.c.QRCodeLoginController [http-nio-8080-exec-5] 12345678 
2024-09-27 17:44:52,176 INFO n.o.o.s.QRCodeLoginService [http-nio-8080-exec-5] get
2024-09-27 17:44:52,177 INFO n.o.o.s.QRCodeLoginService [http-nio-8080-exec-5] 1
2024-09-27 17:44:52,178 INFO n.o.o.c.QRCodeLoginController [http-nio-8080-exec-5] 12345678 
2024-09-27 17:44:53,183 INFO n.o.o.s.QRCodeLoginService [http-nio-8080-exec-5] get
2024-09-27 17:44:53,186 INFO n.o.o.s.QRCodeLoginService [http-nio-8080-exec-5] 1
2024-09-27 17:44:53,188 INFO n.o.o.c.QRCodeLoginController [http-nio-8080-exec-5] 12345678 
2024-09-27 17:44:54,194 INFO n.o.o.s.QRCodeLoginService [http-nio-8080-exec-5] get
2024-09-27 17:44:54,200 INFO n.o.o.s.QRCodeLoginService [http-nio-8080-exec-5] 1
2024-09-27 17:44:54,201 INFO n.o.o.c.QRCodeLoginController [http-nio-8080-exec-5] 12345678 
2024-09-27 17:44:55,207 INFO n.o.o.s.QRCodeLoginService [http-nio-8080-exec-5] get
2024-09-27 17:44:55,208 INFO n.o.o.s.QRCodeLoginService [http-nio-8080-exec-5] 1
2024-09-27 17:44:55,209 INFO n.o.o.c.QRCodeLoginController [http-nio-8080-exec-5] 12345678 
2024-09-27 17:44:55,951 INFO n.o.o.c.QRCodeLoginController [http-nio-8080-exec-7] confirmKey
2024-09-27 17:44:55,953 INFO n.o.o.s.QRCodeLoginService [http-nio-8080-exec-7] get
2024-09-27 17:44:55,954 INFO n.o.o.s.QRCodeLoginService [http-nio-8080-exec-7] 1
2024-09-27 17:44:55,954 INFO n.o.o.s.QRCodeLoginService [http-nio-8080-exec-7] update
2024-09-27 17:44:55,954 INFO n.o.o.s.QRCodeLoginService [http-nio-8080-exec-7] update done
2024-09-27 17:44:56,210 INFO n.o.o.s.QRCodeLoginService [http-nio-8080-exec-5] get
2024-09-27 17:44:56,211 INFO n.o.o.s.QRCodeLoginService [http-nio-8080-exec-5] 1
2024-09-27 17:44:56,212 INFO n.o.o.c.QRCodeLoginController [http-nio-8080-exec-5] 12345678 dungqa
2024-09-27 17:45:07,117 INFO n.o.o.c.QRCodeLoginController [http-nio-8080-exec-8] requestWithKey
2024-09-27 17:45:07,118 INFO n.o.o.s.QRCodeLoginService [http-nio-8080-exec-8] insert
2024-09-27 17:45:07,118 INFO n.o.o.c.QRCodeLoginController [http-nio-8080-exec-8] waiting time: 20
2024-09-27 17:45:07,118 INFO n.o.o.s.QRCodeLoginService [http-nio-8080-exec-8] get
2024-09-27 17:45:07,119 INFO n.o.o.s.QRCodeLoginService [http-nio-8080-exec-8] 1
2024-09-27 17:45:07,119 INFO n.o.o.c.QRCodeLoginController [http-nio-8080-exec-8] 12345678 
2024-09-27 17:45:08,125 INFO n.o.o.s.QRCodeLoginService [http-nio-8080-exec-8] get
2024-09-27 17:45:08,127 INFO n.o.o.s.QRCodeLoginService [http-nio-8080-exec-8] 1
2024-09-27 17:45:08,127 INFO n.o.o.c.QRCodeLoginController [http-nio-8080-exec-8] 12345678 
2024-09-27 17:45:09,135 INFO n.o.o.s.QRCodeLoginService [http-nio-8080-exec-8] get
2024-09-27 17:45:09,140 INFO n.o.o.s.QRCodeLoginService [http-nio-8080-exec-8] 1
2024-09-27 17:45:09,142 INFO n.o.o.c.QRCodeLoginController [http-nio-8080-exec-8] 12345678 
2024-09-27 17:45:10,146 INFO n.o.o.s.QRCodeLoginService [http-nio-8080-exec-8] get
2024-09-27 17:45:10,148 INFO n.o.o.s.QRCodeLoginService [http-nio-8080-exec-8] 1
2024-09-27 17:45:10,149 INFO n.o.o.c.QRCodeLoginController [http-nio-8080-exec-8] 12345678 
2024-09-27 17:45:11,155 INFO n.o.o.s.QRCodeLoginService [http-nio-8080-exec-8] get
2024-09-27 17:45:11,157 INFO n.o.o.s.QRCodeLoginService [http-nio-8080-exec-8] 1
2024-09-27 17:45:11,157 INFO n.o.o.c.QRCodeLoginController [http-nio-8080-exec-8] 12345678 
2024-09-27 17:45:12,161 INFO n.o.o.s.QRCodeLoginService [http-nio-8080-exec-8] get
2024-09-27 17:45:12,164 INFO n.o.o.s.QRCodeLoginService [http-nio-8080-exec-8] 1
2024-09-27 17:45:12,165 INFO n.o.o.c.QRCodeLoginController [http-nio-8080-exec-8] 12345678 
2024-09-27 17:45:13,171 INFO n.o.o.s.QRCodeLoginService [http-nio-8080-exec-8] get
2024-09-27 17:45:13,176 INFO n.o.o.s.QRCodeLoginService [http-nio-8080-exec-8] 1
2024-09-27 17:45:13,178 INFO n.o.o.c.QRCodeLoginController [http-nio-8080-exec-8] 12345678 
2024-09-27 17:45:14,184 INFO n.o.o.s.QRCodeLoginService [http-nio-8080-exec-8] get
2024-09-27 17:45:14,187 INFO n.o.o.s.QRCodeLoginService [http-nio-8080-exec-8] 1
2024-09-27 17:45:14,189 INFO n.o.o.c.QRCodeLoginController [http-nio-8080-exec-8] 12345678 
2024-09-27 17:45:15,195 INFO n.o.o.s.QRCodeLoginService [http-nio-8080-exec-8] get
2024-09-27 17:45:15,197 INFO n.o.o.s.QRCodeLoginService [http-nio-8080-exec-8] 1
2024-09-27 17:45:15,198 INFO n.o.o.c.QRCodeLoginController [http-nio-8080-exec-8] 12345678 
2024-09-27 17:45:16,203 INFO n.o.o.s.QRCodeLoginService [http-nio-8080-exec-8] get
2024-09-27 17:45:16,206 INFO n.o.o.s.QRCodeLoginService [http-nio-8080-exec-8] 1
2024-09-27 17:45:16,207 INFO n.o.o.c.QRCodeLoginController [http-nio-8080-exec-8] 12345678 
2024-09-27 17:45:17,214 INFO n.o.o.s.QRCodeLoginService [http-nio-8080-exec-8] get
2024-09-27 17:45:17,216 INFO n.o.o.s.QRCodeLoginService [http-nio-8080-exec-8] 1
2024-09-27 17:45:17,216 INFO n.o.o.c.QRCodeLoginController [http-nio-8080-exec-8] 12345678 
2024-09-27 17:45:18,222 INFO n.o.o.s.QRCodeLoginService [http-nio-8080-exec-8] get
2024-09-27 17:45:18,223 INFO n.o.o.s.QRCodeLoginService [http-nio-8080-exec-8] 1
2024-09-27 17:45:18,224 INFO n.o.o.c.QRCodeLoginController [http-nio-8080-exec-8] 12345678 
2024-09-27 17:45:19,230 INFO n.o.o.s.QRCodeLoginService [http-nio-8080-exec-8] get
2024-09-27 17:45:19,233 INFO n.o.o.s.QRCodeLoginService [http-nio-8080-exec-8] 1
2024-09-27 17:45:19,234 INFO n.o.o.c.QRCodeLoginController [http-nio-8080-exec-8] 12345678 
2024-09-27 17:45:20,239 INFO n.o.o.s.QRCodeLoginService [http-nio-8080-exec-8] get
2024-09-27 17:45:20,246 INFO n.o.o.s.QRCodeLoginService [http-nio-8080-exec-8] 1
2024-09-27 17:45:20,248 INFO n.o.o.c.QRCodeLoginController [http-nio-8080-exec-8] 12345678 
2024-09-27 17:45:21,255 INFO n.o.o.s.QRCodeLoginService [http-nio-8080-exec-8] get
2024-09-27 17:45:21,257 INFO n.o.o.s.QRCodeLoginService [http-nio-8080-exec-8] 1
2024-09-27 17:45:21,257 INFO n.o.o.c.QRCodeLoginController [http-nio-8080-exec-8] 12345678 
2024-09-27 17:45:22,260 INFO n.o.o.s.QRCodeLoginService [http-nio-8080-exec-8] get
2024-09-27 17:45:22,260 INFO n.o.o.s.QRCodeLoginService [http-nio-8080-exec-8] 1
2024-09-27 17:45:22,260 INFO n.o.o.c.QRCodeLoginController [http-nio-8080-exec-8] 12345678 
2024-09-27 17:45:23,157 INFO n.o.o.c.QRCodeLoginController [http-nio-8080-exec-9] confirmKey
2024-09-27 17:45:23,159 INFO n.o.o.s.QRCodeLoginService [http-nio-8080-exec-9] get
2024-09-27 17:45:23,159 INFO n.o.o.s.QRCodeLoginService [http-nio-8080-exec-9] 1
2024-09-27 17:45:23,160 INFO n.o.o.s.QRCodeLoginService [http-nio-8080-exec-9] update
2024-09-27 17:45:23,160 INFO n.o.o.s.QRCodeLoginService [http-nio-8080-exec-9] update done
2024-09-27 17:45:23,269 INFO n.o.o.s.QRCodeLoginService [http-nio-8080-exec-8] get
2024-09-27 17:45:23,270 INFO n.o.o.s.QRCodeLoginService [http-nio-8080-exec-8] 1
2024-09-27 17:45:23,271 INFO n.o.o.c.QRCodeLoginController [http-nio-8080-exec-8] 12345678 dungqa
